[12-Nov-2025 21:50:48 Europe/Berlin] Points API - Action: get_user_points | User ID: 27
[12-Nov-2025 21:50:48 Europe/Berlin] Points API - Action: get_missions | User ID: 27
[12-Nov-2025 21:50:49 Europe/Berlin] Points API - Action: get_point_history | User ID: 27
[12-Nov-2025 21:50:49 Europe/Berlin] Getting point history for user: 27
[12-Nov-2025 21:50:49 Europe/Berlin] Found 0 history records for user 27
[12-Nov-2025 21:50:50 Europe/Berlin] Points API - Action: get_completed_missions | User ID: 27
[12-Nov-2025 21:50:51 Europe/Berlin] Points API - Action: get_point_history | User ID: 27
[12-Nov-2025 21:50:51 Europe/Berlin] Getting point history for user: 27
[12-Nov-2025 21:50:51 Europe/Berlin] Found 0 history records for user 27
[12-Nov-2025 21:50:51 Europe/Berlin] Points API - Action: get_completed_missions | User ID: 27
[12-Nov-2025 21:50:54 Europe/Berlin] Points API - Action: get_point_history | User ID: 27
[12-Nov-2025 21:50:54 Europe/Berlin] Getting point history for user: 27
[12-Nov-2025 21:50:54 Europe/Berlin] Found 0 history records for user 27
[12-Nov-2025 21:51:35 Europe/Berlin] Points API - Action: get_user_points | User ID: 27
[12-Nov-2025 21:51:35 Europe/Berlin] Points API - Action: get_missions | User ID: 27
[12-Nov-2025 21:51:36 Europe/Berlin] Points API - Action: get_point_history | User ID: 27
[12-Nov-2025 21:51:36 Europe/Berlin] Getting point history for user: 27
[12-Nov-2025 21:51:36 Europe/Berlin] Found 0 history records for user 27
[12-Nov-2025 21:57:21 Europe/Berlin] Points API - Action: get_user_points | User ID: 27
[12-Nov-2025 21:57:22 Europe/Berlin] Points API - Action: get_missions | User ID: 27
[12-Nov-2025 21:57:23 Europe/Berlin] Points API - Action: get_point_history | User ID: 27
[12-Nov-2025 21:57:23 Europe/Berlin] Getting point history for user: 27
[12-Nov-2025 21:57:23 Europe/Berlin] Found 0 history records for user 27
[12-Nov-2025 21:57:23 Europe/Berlin] Points API - Action: get_missions | User ID: 27
